[debug] > Exec(early(addDefaultCommands), None, None)
[debug] > Exec(addDefaultCommands, None, None)
[debug] > Exec(early(initialize), None, None)
[debug] > Exec(initialize, None, None)
[debug] > Exec(early(addPluginSbtFile="""C:\Users\user\AppData\Local\Temp\idea1.sbt"""), None, None)
[debug] > Exec(addPluginSbtFile="""C:\Users\user\AppData\Local\Temp\idea1.sbt""", None, None)
[debug] > Exec(boot, None, None)
[debug] > Exec(writeSbtVersion, None, None)
[debug] > Exec(reload, None, None)
[debug] > Exec(sbtStashOnFailure, None, None)
[debug] > Exec(onFailure loadFailed, None, None)
[debug] > Exec(loadp, None, None)
[info] welcome to sbt 1.10.4 (Amazon.com Inc. Java 1.8.0_422)
[debug] Load.defaultLoad until apply took 101.7636ms
[debug]           Load.loadUnit: plugins took 66.295ms
[debug]           Load.loadUnit: defsScala took 0.2541ms
[debug] [Loading] Scanning directory C:\Users\user\BloomFliter\project
[debug]             Load.loadUnit: mkEval took 72.5055ms
[debug] [Loading] Found non-root projects 
[debug] [Loading] Done in C:\Users\user\BloomFliter\project, returning: ()
[debug] deducing auto plugins based on known facts Set(Atom(sbt.plugins.CorePlugin)) and clauses Clauses(Clause(Atom(sbt.plugins.JvmPlugin),Set(Atom(sbt.plugins.IvyPlugin)))
[debug] Clause(Atom(sbt.ScriptedPlugin),Set(Atom(sbt.plugins.JvmPlugin)))
[debug] Clause(Atom(sbt.plugins.SbtPlugin),Set(Atom(sbt.ScriptedPlugin)))
[debug] Clause(Atom(sbt.plugins.SemanticdbPlugin),Set(Atom(sbt.plugins.JvmPlugin)))
[debug] Clause(Atom(sbt.plugins.JUnitXmlReportPlugin),Set(Atom(sbt.plugins.JvmPlugin)))
[debug] Clause(Atom(sbt.plugins.MiniDependencyTreePlugin),Set(Atom(sbt.plugins.JvmPlugin)))
[debug] Clause(Atom(sbt.plugins.CorePlugin),Set(Atom(sbt.plugins.IvyPlugin)))
[debug] Clause(Atom(sbt.plugins.IvyPlugin),Set(Atom(sbt.plugins.JvmPlugin)))
[debug] Clause(Atom(sbt.plugins.JvmPlugin),Set(Atom(sbt.plugins.SemanticdbPlugin)))
[debug] Clause(Atom(sbt.plugins.JvmPlugin),Set(Atom(sbt.plugins.JUnitXmlReportPlugin)))
[debug] Clause(Atom(sbt.plugins.CorePlugin),Set(Atom(sbt.plugins.Giter8TemplatePlugin)))
[debug] Clause(Atom(sbt.plugins.JvmPlugin),Set(Atom(sbt.plugins.MiniDependencyTreePlugin))))
[debug]   :: deduced result: Matched(sbt.plugins.CorePlugin,sbt.plugins.Giter8TemplatePlugin,sbt.plugins.IvyPlugin,sbt.plugins.JvmPlugin,sbt.plugins.MiniDependencyTreePlugin,sbt.plugins.JUnitXmlReportPlugin,sbt.plugins.SemanticdbPlugin)
[debug] Plugins.deducer#function took 18.9701 ms
[info] loading settings for project bloomfliter-build from idea1.sbt ...
[debug]               Load.resolveProject(bloomfliter-build) took 44.1689ms
[debug]             Load.loadTransitive: finalizeProject(Project(id bloomfliter-build, base: C:\Users\user\BloomFliter\project, plugins: List(<none>))) took 92.5351ms
[debug] [Loading] Done in C:\Users\user\BloomFliter\project, returning: (bloomfliter-build)
[debug]           Load.loadUnit: loadedProjectsRaw took 471.2314ms
[debug]           Load.loadUnit: cleanEvalClasses took 7.0422ms
[debug]         Load.loadUnit(file:/C:/Users/user/BloomFliter/project/, ...) took 549.3905ms
[debug]       Load.apply: load took 657.723ms
[debug]       Load.apply: resolveProjects took 4.1823ms
[debug]       Load.apply: finalTransforms took 41.9993ms
[debug]       Load.apply: config.delegates took 6.3415ms
[debug]       Load.apply: Def.make(settings)... took 302.456ms
[debug]       Load.apply: structureIndex took 80.4667ms
[debug]       Load.apply: mkStreams took 1.4654ms
[info] loading project definition from C:\Users\user\BloomFliter\project
[debug] Running task... Cancel: Signal, check cycles: false, forcegc: true
[warn] Canceling execution...
[error] Cancelled: loadp
[error] Cancelled: loadp
[error] Use 'last' for the full log.
[debug] > Exec(loadFailed, None, None)
[warn] Project loading failed: (r)etry, (q)uit, (l)ast, or (i)gnore? (default: r)
